[2018-07-25T23:42:23.363] [INFO] default - ws server started
[2018-07-25T23:42:39.036] [INFO] default - ws server started
[2018-07-25T23:43:24.312] [INFO] default - ws server started
[2018-07-25T23:43:38.288] [INFO] default - ws server started
[2018-07-25T23:44:56.989] [INFO] default - ws server started
[2018-07-25T23:45:57.006] [INFO] default - ws server started
[2018-07-25T23:47:51.324] [INFO] default - ws server started
[2018-07-25T23:49:45.637] [INFO] default - ws server started
[2018-07-25T23:50:08.001] [INFO] default - ws server started
[2018-07-25T23:50:28.178] [INFO] default - ws server started
[2018-07-25T23:51:09.755] [DEBUG] default - websocket server startup
[2018-07-25T23:51:09.761] [INFO] default - ws server started
[2018-07-26T00:06:21.734] [DEBUG] default - websocket server listen on 8656
[2018-07-26T00:06:21.741] [INFO] default - ws server started
[2018-07-26T00:06:29.354] [INFO] default - node stopped.
[2018-07-26T00:06:34.728] [INFO] default - node stopped.
[2018-07-26T00:06:35.570] [INFO] default - node stopped.
[2018-07-26T00:06:37.383] [INFO] default - node stopped.
[2018-07-26T00:06:37.845] [INFO] default - node stopped.
[2018-07-26T00:06:38.011] [INFO] default - node stopped.
[2018-07-26T00:06:52.805] [INFO] default - node stopped.
[2018-07-26T00:06:52.985] [INFO] default - node stopped.
[2018-07-26T00:07:17.342] [INFO] default - node stopped.
[2018-07-26T00:07:19.344] [INFO] default - node stopped.
[2018-07-26T00:07:19.502] [INFO] default - node stopped.
[2018-07-26T00:07:19.661] [INFO] default - node stopped.
[2018-07-26T00:07:19.805] [INFO] default - node stopped.
[2018-07-26T00:08:05.462] [INFO] default - node stopped.
[2018-07-26T00:08:05.662] [INFO] default - node stopped.
[2018-07-26T00:08:05.809] [INFO] default - node stopped.
[2018-07-26T00:08:05.977] [INFO] default - node stopped.
[2018-07-26T00:08:06.135] [INFO] default - node stopped.
[2018-07-26T11:30:04.738] [INFO] default - node stopped.
[2018-07-26T11:30:53.763] [DEBUG] default - websocket server listen on 8656
[2018-07-26T11:31:20.422] [DEBUG] default - websocket server listen on 8656
[2018-07-26T11:31:20.429] [INFO] default - ws server started
[2018-07-26T11:31:34.311] [INFO] default - node stopped.
[2018-07-26T13:03:06.687] [DEBUG] default - websocket server listen on 8656
[2018-07-26T13:03:06.697] [DEBUG] default - http server start listening on port: 30656
[2018-07-26T13:03:06.699] [INFO] default - ws server started
[2018-07-26T13:03:51.155] [INFO] default - node stopped.
[2018-07-26T13:03:53.035] [DEBUG] default - websocket server listen on 8656
[2018-07-26T13:03:53.045] [DEBUG] default - http server start listening on port: 30656
[2018-07-26T13:03:53.046] [INFO] default - ws server started
[2018-07-26T13:04:16.389] [INFO] default - node stopped.
[2018-07-26T13:05:23.469] [DEBUG] default - http server start listening on port: 30656
[2018-07-26T13:05:23.486] [DEBUG] default - websocket server listen on 8656
[2018-07-26T13:05:23.490] [INFO] default - ws server started
[2018-07-26T13:05:25.994] [INFO] default - node stopped.
[2018-07-26T13:06:07.613] [DEBUG] default - http server start listening on port: 30656
[2018-07-26T13:06:07.630] [DEBUG] default - websocket server listen on 8656
[2018-07-26T13:06:07.633] [INFO] default - ws server started
[2018-07-26T13:06:09.273] [INFO] default - node stopped.
[2018-07-26T13:06:28.946] [DEBUG] default - websocket server listen on 8656
[2018-07-26T13:06:28.952] [DEBUG] default - http server start listening on port: 30656
[2018-07-26T13:06:28.953] [INFO] default - ws server started
[2018-07-26T13:06:56.920] [INFO] default - node stopped.
[2018-07-26T13:06:58.750] [DEBUG] default - websocket server listen on 8656
[2018-07-26T13:06:58.757] [DEBUG] default - http server start listening on port: 30656
[2018-07-26T13:06:58.758] [INFO] default - ws server started
[2018-07-26T13:09:56.672] [INFO] default - node stopped.
[2018-07-26T13:10:18.733] [DEBUG] default - websocket server listen on 8656
[2018-07-26T13:10:18.739] [DEBUG] default - http server start listening on port: 30656
[2018-07-26T13:10:18.739] [INFO] default - ws server started
[2018-07-26T13:10:18.754] [INFO] default - nodekey load finish 0xF5da1B32a3CBBb786D06351A81f69029194faAfd
[2018-07-26T13:11:13.612] [INFO] default - node stopped.
[2018-07-26T13:11:15.399] [DEBUG] default - websocket server listen on 8656
[2018-07-26T13:11:15.406] [DEBUG] default - http server start listening on port: 30656
[2018-07-26T13:11:15.407] [INFO] default - ws server started
[2018-07-26T13:11:15.422] [INFO] default - nodekey load finish 0xF5da1B32a3CBBb786D06351A81f69029194faAfd
[2018-07-26T13:13:15.776] [INFO] default - node stopped.
[2018-07-26T23:37:47.975] [DEBUG] default - http server start listening on port: 30656
[2018-07-26T23:37:48.006] [INFO] default - nodekey load finish 0x676897ACA8635f45D87b3Ad04B3803d886fc3A33
[2018-07-26T23:37:48.008] [INFO] default - start regist to center
[2018-07-26T23:37:48.024] [DEBUG] default - websocket server listen on 8656
[2018-07-26T23:37:48.036] [INFO] default - ws server started
[2018-07-26T23:37:48.037] [ERROR] default - 向中心节点注册失败 { Error: connect ECONNREFUSED 127.0.0.1:9001
    at Object._errnoException (util.js:1031:13)
    at _exceptionWithHostPort (util.js:1052:20)
    at TCPConnectWrap.afterConnect [as oncomplete] (net.js:1195:14)
  errno: 'ECONNREFUSED',
  code: 'ECONNREFUSED',
  syscall: 'connect',
  address: '127.0.0.1',
  port: 9001 }
[2018-07-26T23:37:48.038] [INFO] default - 30秒后重试
[2018-07-26T23:38:04.097] [INFO] default - node stopped.
